<?xml version="1.0" encoding="UTF-8"?>
<testng-results ignored="0" total="2" passed="2" failed="0" skipped="0">
  <reporter-output>
    <line>
      <![CDATA[logged-in]]>
    </line>
  </reporter-output>
  <suite started-at="2022-08-23T13:00:58 IST" name="Default suite" finished-at="2022-08-23T13:01:08 IST" duration-ms="9589">
    <groups>
    </groups>
    <test started-at="2022-08-23T13:00:58 IST" name="Default test" finished-at="2022-08-23T13:01:08 IST" duration-ms="9589">
      <class name="DataProviders.MultiReadLogin">
        <test-method is-config="true" signature="setUpBrowser(java.lang.String)[pri:0, instance:DataProviders.MultiReadLogin@64cd705f]" started-at="2022-08-23T13:00:54 IST" name="setUpBrowser" finished-at="2022-08-23T13:00:58 IST" duration-ms="3969" status="PASS">
          <params>
            <param index="0">
              <value>
                <![CDATA[chrome]]>
              </value>
            </param>
          </params>
          <reporter-output>
          </reporter-output>
        </test-method> <!-- setUpBrowser -->
        <test-method signature="testcase()[pri:0, instance:DataProviders.MultiReadLogin@64cd705f]" started-at="2022-08-23T13:00:58 IST" name="testcase" finished-at="2022-08-23T13:00:59 IST" duration-ms="144" status="PASS">
          <reporter-output>
          </reporter-output>
        </test-method> <!-- testcase -->
        <test-method signature="testCase(java.lang.String,java.lang.String)[pri:0, instance:DataProviders.MultiReadLogin@64cd705f]" started-at="2022-08-23T13:01:00 IST" name="testCase" data-provider="Login" finished-at="2022-08-23T13:01:08 IST" duration-ms="8453" status="PASS">
          <params>
            <param index="0">
              <value>
                <![CDATA[jays@gmail.com]]>
              </value>
            </param>
            <param index="1">
              <value>
                <![CDATA[Password]]>
              </value>
            </param>
          </params>
          <reporter-output>
            <line>
              <![CDATA[logged-in]]>
            </line>
          </reporter-output>
        </test-method> <!-- testCase -->
        <test-method is-config="true" signature="browserTearDown()[pri:0, instance:DataProviders.MultiReadLogin@64cd705f]" started-at="2022-08-23T13:01:08 IST" name="browserTearDown" finished-at="2022-08-23T13:01:08 IST" duration-ms="141" status="PASS">
          <reporter-output>
          </reporter-output>
        </test-method> <!-- browserTearDown -->
      </class> <!-- DataProviders.MultiReadLogin -->
    </test> <!-- Default test -->
  </suite> <!-- Default suite -->
</testng-results>
